c:\users\dyhar\source\repos\smokesimulation\smokesimulation\x64\debug\moc_mywidget.obj
c:\users\dyhar\source\repos\smokesimulation\smokesimulation\x64\debug\main.obj
c:\users\dyhar\source\repos\smokesimulation\smokesimulation\x64\debug\mywidget.obj
c:\users\dyhar\source\repos\smokesimulation\smokesimulation\x64\debug\moc_mywindow.obj
c:\users\dyhar\source\repos\smokesimulation\smokesimulation\x64\debug\qrc_mywindow.obj
c:\users\dyhar\source\repos\smokesimulation\smokesimulation\x64\debug\mywindow.obj
c:\users\dyhar\source\repos\smokesimulation\smokesimulation\x64\debug\vc141.pdb
c:\users\dyhar\source\repos\smokesimulation\smokesimulation\x64\debug\edge.obj
c:\users\dyhar\source\repos\smokesimulation\smokesimulation\x64\debug\ellipse.obj
c:\users\dyhar\source\repos\smokesimulation\smokesimulation\x64\debug\freepaint.obj
c:\users\dyhar\source\repos\smokesimulation\smokesimulation\x64\debug\line.obj
c:\users\dyhar\source\repos\smokesimulation\smokesimulation\x64\debug\figure.obj
c:\users\dyhar\source\repos\smokesimulation\smokesimulation\x64\debug\moc_scanline.obj
c:\users\dyhar\source\repos\smokesimulation\smokesimulation\x64\debug\rectangle.obj
c:\users\dyhar\source\repos\smokesimulation\smokesimulation\x64\debug\polygon.obj
c:\users\dyhar\source\repos\smokesimulation\smokesimulation\x64\debug\bezier.obj
c:\users\dyhar\source\repos\smokesimulation\smokesimulation\x64\debug\scanline.obj
c:\users\dyhar\source\repos\smokesimulation\x64\debug\smokesimulation.exe
c:\users\dyhar\source\repos\smokesimulation\x64\debug\smokesimulation.ilk
c:\users\dyhar\source\repos\smokesimulation\x64\debug\smokesimulation.pdb
c:\users\dyhar\source\repos\smokesimulation\smokesimulation\.\generatedfiles\debug\moc_mywindow.cpp
c:\users\dyhar\source\repos\smokesimulation\smokesimulation\.\generatedfiles\debug\moc_mywidget.cpp
c:\users\dyhar\source\repos\smokesimulation\smokesimulation\.\generatedfiles\debug\moc_scanline.cpp
c:\users\dyhar\source\repos\smokesimulation\smokesimulation\.\generatedfiles\qrc_mywindow.cpp
c:\users\dyhar\source\repos\smokesimulation\smokesimulation\.\generatedfiles\ui_mywidget.h
c:\users\dyhar\source\repos\smokesimulation\smokesimulation\.\generatedfiles\ui_mywindow.h
c:\users\dyhar\source\repos\smokesimulation\smokesimulation\generatedfiles\debug\moc_mywindow.cpp
c:\users\dyhar\source\repos\smokesimulation\smokesimulation\generatedfiles\qrc_mywindow.cpp
c:\users\dyhar\source\repos\smokesimulation\smokesimulation\generatedfiles\ui_mywindow.h
c:\users\dyhar\source\repos\smokesimulation\smokesimulation\generatedfiles\debug\moc_mywidget.cpp
c:\users\dyhar\source\repos\smokesimulation\smokesimulation\generatedfiles\ui_mywidget.h
c:\users\dyhar\source\repos\smokesimulation\smokesimulation\generatedfiles\debug\moc_scanline.cpp
c:\users\dyhar\source\repos\smokesimulation\smokesimulation\x64\debug\smokesimulation.tlog\cl.command.1.tlog
c:\users\dyhar\source\repos\smokesimulation\smokesimulation\x64\debug\smokesimulation.tlog\cl.read.1.tlog
c:\users\dyhar\source\repos\smokesimulation\smokesimulation\x64\debug\smokesimulation.tlog\cl.write.1.tlog
c:\users\dyhar\source\repos\smokesimulation\smokesimulation\x64\debug\smokesimulation.tlog\link.command.1.tlog
c:\users\dyhar\source\repos\smokesimulation\smokesimulation\x64\debug\smokesimulation.tlog\link.read.1.tlog
c:\users\dyhar\source\repos\smokesimulation\smokesimulation\x64\debug\smokesimulation.tlog\link.write.1.tlog
c:\users\dyhar\source\repos\smokesimulation\smokesimulation\x64\debug\smokesimulation.tlog\qtmoc.read.1u.tlog
c:\users\dyhar\source\repos\smokesimulation\smokesimulation\x64\debug\smokesimulation.tlog\qtmoc.write.1u.tlog
c:\users\dyhar\source\repos\smokesimulation\smokesimulation\x64\debug\smokesimulation.tlog\qtrcc.read.1u.tlog
c:\users\dyhar\source\repos\smokesimulation\smokesimulation\x64\debug\smokesimulation.tlog\qtrcc.write.1u.tlog
c:\users\dyhar\source\repos\smokesimulation\smokesimulation\x64\debug\smokesimulation.tlog\qtuic.read.1u.tlog
c:\users\dyhar\source\repos\smokesimulation\smokesimulation\x64\debug\smokesimulation.tlog\qtuic.write.1u.tlog
c:\users\dyhar\source\repos\smokesimulation\smokesimulation\x64\debug\smokesimulation.tlog\smokesimulation.write.1u.tlog
